sum(0) = 0
fac(0) = 1
sum(1) = 1
fac(1) = 1
sum(2) = 3
fac(2) = 2
sum(3) = 6
fac(3) = 6
sum(4) = 10
fac(4) = 24
sum(5) = 15
fac(5) = 120
sum(6) = 21
fac(6) = 720
sum(7) = 28
fac(7) = 5040
sum(8) = 36
fac(8) = 40320
sum(9) = 45
fac(9) = 362880
sum(10) = 55
fac(10) = 3628800
sum(11) = 66
fac(11) = 39916800
sum(12) = 78
fac(12) = 479001600
sum(13) = 91
fac(13) = 6227020800
sum(14) = 105
fac(14) = 87178291200
sum(15) = 120
fac(15) = 1307674368000
sum(16) = 136
fac(16) = 20922789888000
sum(17) = 153
fac(17) = 355687428096000
sum(18) = 171
fac(18) = 6402373705728000
sum(19) = 190
fac(19) = 121645100408832000
sum(20) = 210
fac(20) = 2432902008176640000
sum(21) = 231
fac(21) = -4249290049419214848
sum(22) = 253
fac(22) = -1250660718674968576
sum(23) = 276
fac(23) = 8128291617894825984
sum(24) = 300
fac(24) = -7835185981329244160
sum(25) = 325
fac(25) = 7034535277573963776
sum(26) = 351
fac(26) = -1569523520172457984
sum(27) = 378
fac(27) = -5483646897237262336
sum(28) = 406
fac(28) = -5968160532966932480
sum(29) = 435
fac(29) = -7055958792655077376
sum(30) = 465
fac(30) = -8764578968847253504
sum(31) = 496
fac(31) = 4999213071378415616
sum(32) = 528
fac(32) = -6045878379276664832
sum(33) = 561
fac(33) = 3400198294675128320
sum(34) = 595
fac(34) = 4926277576697053184
sum(35) = 630
fac(35) = 6399018521010896896
sum(36) = 666
fac(36) = 9003737871877668864
sum(37) = 703
fac(37) = 1096907932701818880
sum(38) = 741
fac(38) = 4789013295250014208
sum(39) = 780
fac(39) = 2304077777655037952
sum(40) = 820
fac(40) = -70609262346240000
sum(41) = 861
fac(41) = -2894979756195840000
sum(42) = 903
fac(42) = 7538058755741581312
sum(43) = 946
fac(43) = -7904866829883932672
sum(44) = 990
fac(44) = 2673996885588443136
sum(45) = 1035
fac(45) = -8797348664486920192
sum(46) = 1081
fac(46) = 1150331055211806720
sum(47) = 1128
fac(47) = -1274672626173739008
sum(48) = 1176
fac(48) = -5844053835210817536
sum(49) = 1225
fac(49) = 8789267254022766592
sum(50) = 1275
fac(50) = -3258495067890909184
sum(51) = 1326
fac(51) = -162551799050403840
sum(52) = 1378
fac(52) = -8452693550620999680
sum(53) = 1431
fac(53) = -5270900413883744256
sum(54) = 1485
fac(54) = -7927461244078915584
sum(55) = 1540
fac(55) = 6711489344688881664
sum(56) = 1596
fac(56) = 6908521828386340864
sum(57) = 1653
fac(57) = 6404118670120845312
sum(58) = 1711
fac(58) = 2504001392817995776
sum(59) = 1770
fac(59) = 162129586585337856
sum(60) = 1830
fac(60) = -8718968878589280256
sum(61) = 1891
fac(61) = 3098476543630901248
sum(62) = 1953
fac(62) = 7638104968020361216
sum(63) = 2016
fac(63) = 1585267068834414592
sum(64) = 2080
fac(64) = -9223372036854775808
sum(65) = 2145
fac(65) = -9223372036854775808
sum(66) = 2211
fac(66) = 0
sum(67) = 2278
fac(67) = 0
sum(68) = 2346
fac(68) = 0
sum(69) = 2415
fac(69) = 0
sum(70) = 2485
fac(70) = 0
sum(71) = 2556
fac(71) = 0
sum(72) = 2628
fac(72) = 0
sum(73) = 2701
fac(73) = 0
sum(74) = 2775
fac(74) = 0
sum(75) = 2850
fac(75) = 0
sum(76) = 2926
fac(76) = 0
sum(77) = 3003
fac(77) = 0
sum(78) = 3081
fac(78) = 0
sum(79) = 3160
fac(79) = 0
sum(80) = 3240
fac(80) = 0
sum(81) = 3321
fac(81) = 0
sum(82) = 3403
fac(82) = 0
sum(83) = 3486
fac(83) = 0
sum(84) = 3570
fac(84) = 0
sum(85) = 3655
fac(85) = 0
sum(86) = 3741
fac(86) = 0
sum(87) = 3828
fac(87) = 0
sum(88) = 3916
fac(88) = 0
sum(89) = 4005
fac(89) = 0
sum(90) = 4095
fac(90) = 0
sum(91) = 4186
fac(91) = 0
sum(92) = 4278
fac(92) = 0
sum(93) = 4371
fac(93) = 0
sum(94) = 4465
fac(94) = 0
sum(95) = 4560
fac(95) = 0
sum(96) = 4656
fac(96) = 0
sum(97) = 4753
fac(97) = 0
sum(98) = 4851
fac(98) = 0
sum(99) = 4950
fac(99) = 0
