-821 <= -821
-821 >= -821
-821 == -821
-821 < -721
-821 <= -721
-821 != -721
-821 < -621
-821 <= -621
-821 != -621
-821 < -2
-821 <= -2
-821 != -2
-821 < -1
-821 <= -1
-821 != -1
-821 < 0
-821 <= 0
-821 != 0
-821 < 1
-821 <= 1
-821 != 1
-821 < 2
-821 <= 2
-821 != 2
-821 < 521
-821 <= 521
-821 != 521
-821 < 621
-821 <= 621
-821 != 621
-821 < 721
-821 <= 721
-821 != 721
-721 > -821
-721 >= -821
-721 != -821
-721 <= -721
-721 >= -721
-721 == -721
-721 < -621
-721 <= -621
-721 != -621
-721 < -2
-721 <= -2
-721 != -2
-721 < -1
-721 <= -1
-721 != -1
-721 < 0
-721 <= 0
-721 != 0
-721 < 1
-721 <= 1
-721 != 1
-721 < 2
-721 <= 2
-721 != 2
-721 < 521
-721 <= 521
-721 != 521
-721 < 621
-721 <= 621
-721 != 621
-721 < 721
-721 <= 721
-721 != 721
-621 > -821
-621 >= -821
-621 != -821
-621 > -721
-621 >= -721
-621 != -721
-621 <= -621
-621 >= -621
-621 == -621
-621 < -2
-621 <= -2
-621 != -2
-621 < -1
-621 <= -1
-621 != -1
-621 < 0
-621 <= 0
-621 != 0
-621 < 1
-621 <= 1
-621 != 1
-621 < 2
-621 <= 2
-621 != 2
-621 < 521
-621 <= 521
-621 != 521
-621 < 621
-621 <= 621
-621 != 621
-621 < 721
-621 <= 721
-621 != 721
-2 > -821
-2 >= -821
-2 != -821
-2 > -721
-2 >= -721
-2 != -721
-2 > -621
-2 >= -621
-2 != -621
-2 <= -2
-2 >= -2
-2 == -2
-2 < -1
-2 <= -1
-2 != -1
-2 < 0
-2 <= 0
-2 != 0
-2 < 1
-2 <= 1
-2 != 1
-2 < 2
-2 <= 2
-2 != 2
-2 < 521
-2 <= 521
-2 != 521
-2 < 621
-2 <= 621
-2 != 621
-2 < 721
-2 <= 721
-2 != 721
-1 > -821
-1 >= -821
-1 != -821
-1 > -721
-1 >= -721
-1 != -721
-1 > -621
-1 >= -621
-1 != -621
-1 > -2
-1 >= -2
-1 != -2
-1 <= -1
-1 >= -1
-1 == -1
-1 < 0
-1 <= 0
-1 != 0
-1 < 1
-1 <= 1
-1 != 1
-1 < 2
-1 <= 2
-1 != 2
-1 < 521
-1 <= 521
-1 != 521
-1 < 621
-1 <= 621
-1 != 621
-1 < 721
-1 <= 721
-1 != 721
0 > -821
0 >= -821
0 != -821
0 > -721
0 >= -721
0 != -721
0 > -621
0 >= -621
0 != -621
0 > -2
0 >= -2
0 != -2
0 > -1
0 >= -1
0 != -1
0 <= 0
0 >= 0
0 == 0
0 < 1
0 <= 1
0 != 1
0 < 2
0 <= 2
0 != 2
0 < 521
0 <= 521
0 != 521
0 < 621
0 <= 621
0 != 621
0 < 721
0 <= 721
0 != 721
1 > -821
1 >= -821
1 != -821
1 > -721
1 >= -721
1 != -721
1 > -621
1 >= -621
1 != -621
1 > -2
1 >= -2
1 != -2
1 > -1
1 >= -1
1 != -1
1 > 0
1 >= 0
1 != 0
1 <= 1
1 >= 1
1 == 1
1 < 2
1 <= 2
1 != 2
1 < 521
1 <= 521
1 != 521
1 < 621
1 <= 621
1 != 621
1 < 721
1 <= 721
1 != 721
2 > -821
2 >= -821
2 != -821
2 > -721
2 >= -721
2 != -721
2 > -621
2 >= -621
2 != -621
2 > -2
2 >= -2
2 != -2
2 > -1
2 >= -1
2 != -1
2 > 0
2 >= 0
2 != 0
2 > 1
2 >= 1
2 != 1
2 <= 2
2 >= 2
2 == 2
2 < 521
2 <= 521
2 != 521
2 < 621
2 <= 621
2 != 621
2 < 721
2 <= 721
2 != 721
521 > -821
521 >= -821
521 != -821
521 > -721
521 >= -721
521 != -721
521 > -621
521 >= -621
521 != -621
521 > -2
521 >= -2
521 != -2
521 > -1
521 >= -1
521 != -1
521 > 0
521 >= 0
521 != 0
521 > 1
521 >= 1
521 != 1
521 > 2
521 >= 2
521 != 2
521 <= 521
521 >= 521
521 == 521
521 < 621
521 <= 621
521 != 621
521 < 721
521 <= 721
521 != 721
621 > -821
621 >= -821
621 != -821
621 > -721
621 >= -721
621 != -721
621 > -621
621 >= -621
621 != -621
621 > -2
621 >= -2
621 != -2
621 > -1
621 >= -1
621 != -1
621 > 0
621 >= 0
621 != 0
621 > 1
621 >= 1
621 != 1
621 > 2
621 >= 2
621 != 2
621 > 521
621 >= 521
621 != 521
621 <= 621
621 >= 621
621 == 621
621 < 721
621 <= 721
621 != 721
721 > -821
721 >= -821
721 != -821
721 > -721
721 >= -721
721 != -721
721 > -621
721 >= -621
721 != -621
721 > -2
721 >= -2
721 != -2
721 > -1
721 >= -1
721 != -1
721 > 0
721 >= 0
721 != 0
721 > 1
721 >= 1
721 != 1
721 > 2
721 >= 2
721 != 2
721 > 521
721 >= 521
721 != 521
721 > 621
721 >= 621
721 != 621
721 <= 721
721 >= 721
721 == 721
